<?xml version="1.0" encoding="UTF-8"?>
<!-- Generated by org.testng.reporters.JUnitReportReporter -->
<testsuite hostname="farooq" failures="0" tests="3" name="testNG.testcase" time="0.047" errors="0" timestamp="2023-07-03T14:42:05 IST" skipped="0">
  <testcase classname="testNG.testcase" name="testcase2" time="0.013"/>
  <testcase classname="testNG.testcase" name="testcase3" time="0.013"/>
  <testcase classname="testNG.testcase" name="testcase1" time="0.021"/>
</testsuite> <!-- testNG.testcase -->
