<?xml version="1.0" encoding="UTF-8"?>
<!-- Generated by org.testng.reporters.JUnitReportReporter -->
<testsuite hostname="farooq" failures="0" tests="1" name="testNG.orangehrmlogin" time="30.997" errors="0" timestamp="2023-06-30T16:16:12 IST" skipped="0">
  <testcase classname="testNG.orangehrmlogin" name="login" time="30.997"/>
</testsuite> <!-- testNG.orangehrmlogin -->
