<?xml version="1.0" encoding="UTF-8"?>
<!-- Generated by org.testng.reporters.JUnitReportReporter -->
<testsuite hostname="farooq" failures="0" tests="1" name="com.testing.bookmyshowtest" time="4.608" errors="0" timestamp="2023-07-06T14:12:02 IST" skipped="0">
  <testcase classname="com.testing.bookmyshowtest" name="search_testing" time="4.608"/>
</testsuite> <!-- com.testing.bookmyshowtest -->
